This is pdfTeX, Version 3.14159265-2.6-1.40.18 (MiKTeX 2.9.6500 64-bit) (preloaded format=pdflatex 2018.2.5)  19 MAR 2018 12:37
entering extended mode
**./root.tex
(root.tex
LaTeX2e <2017-04-15>
Babel <3.15> and hyphenation patterns for 75 language(s) loaded.
("C:\Program Files\MiKTeX 2.9\tex\latex\base\report.cls"
Document Class: report 2014/09/29 v1.4h Standard LaTeX document class
("C:\Program Files\MiKTeX 2.9\tex\latex\base\size10.clo"
File: size10.clo 2014/09/29 v1.4h Standard LaTeX file (size option)
)
\c@part=\count79
\c@chapter=\count80
\c@section=\count81
\c@subsection=\count82
\c@subsubsection=\count83
\c@paragraph=\count84
\c@subparagraph=\count85
\c@figure=\count86
\c@table=\count87
\abovecaptionskip=\skip41
\belowcaptionskip=\skip42
\bibindent=\dimen102
)
("C:\Program Files\MiKTeX 2.9\tex\latex\graphics\graphicx.sty"
Package: graphicx 2017/06/01 v1.1a Enhanced LaTeX Graphics (DPC,SPQR)

("C:\Program Files\MiKTeX 2.9\tex\latex\graphics\keyval.sty"
Package: keyval 2014/10/28 v1.15 key=value parser (DPC)
\KV@toks@=\toks14
)
("C:\Program Files\MiKTeX 2.9\tex\latex\graphics\graphics.sty"
Package: graphics 2017/06/25 v1.2c Standard LaTeX Graphics (DPC,SPQR)

("C:\Program Files\MiKTeX 2.9\tex\latex\graphics\trig.sty"
Package: trig 2016/01/03 v1.10 sin cos tan (DPC)
)
("C:\Program Files\MiKTeX 2.9\tex\latex\graphics-cfg\graphics.cfg"
File: graphics.cfg 2016/06/04 v1.11 sample graphics configuration
)
Package graphics Info: Driver file: pdftex.def on input line 99.

("C:\Program Files\MiKTeX 2.9\tex\latex\graphics-def\pdftex.def"
File: pdftex.def 2017/06/24 v1.0g Graphics/color driver for pdftex
))
\Gin@req@height=\dimen103
\Gin@req@width=\dimen104
)
("C:\Program Files\MiKTeX 2.9\tex\latex\geometry\geometry.sty"
Package: geometry 2010/09/12 v5.6 Page Geometry

("C:\Program Files\MiKTeX 2.9\tex\generic\oberdiek\ifpdf.sty"
Package: ifpdf 2017/03/15 v3.2 Provides the ifpdf switch
)
("C:\Program Files\MiKTeX 2.9\tex\generic\oberdiek\ifvtex.sty"
Package: ifvtex 2016/05/16 v1.6 Detect VTeX and its facilities (HO)
Package ifvtex Info: VTeX not detected.
)
("C:\Program Files\MiKTeX 2.9\tex\generic\ifxetex\ifxetex.sty"
Package: ifxetex 2010/09/12 v0.6 Provides ifxetex conditional
)
\Gm@cnth=\count88
\Gm@cntv=\count89
\c@Gm@tempcnt=\count90
\Gm@bindingoffset=\dimen105
\Gm@wd@mp=\dimen106
\Gm@odd@mp=\dimen107
\Gm@even@mp=\dimen108
\Gm@layoutwidth=\dimen109
\Gm@layoutheight=\dimen110
\Gm@layouthoffset=\dimen111
\Gm@layoutvoffset=\dimen112
\Gm@dimlist=\toks15

("C:\Program Files\MiKTeX 2.9\tex\latex\geometry\geometry.cfg"))
("C:\Program Files\MiKTeX 2.9\tex\latex\amsmath\amsmath.sty"
Package: amsmath 2017/09/02 v2.17a AMS math features
\@mathmargin=\skip43

For additional information on amsmath, use the `?' option.
("C:\Program Files\MiKTeX 2.9\tex\latex\amsmath\amstext.sty"
Package: amstext 2000/06/29 v2.01 AMS text

("C:\Program Files\MiKTeX 2.9\tex\latex\amsmath\amsgen.sty"
File: amsgen.sty 1999/11/30 v2.0 generic functions
\@emptytoks=\toks16
\ex@=\dimen113
))
("C:\Program Files\MiKTeX 2.9\tex\latex\amsmath\amsbsy.sty"
Package: amsbsy 1999/11/29 v1.2d Bold Symbols
\pmbraise@=\dimen114
)
("C:\Program Files\MiKTeX 2.9\tex\latex\amsmath\amsopn.sty"
Package: amsopn 2016/03/08 v2.02 operator names
)
\inf@bad=\count91
LaTeX Info: Redefining \frac on input line 213.
\uproot@=\count92
\leftroot@=\count93
LaTeX Info: Redefining \overline on input line 375.
\classnum@=\count94
\DOTSCASE@=\count95
LaTeX Info: Redefining \ldots on input line 472.
LaTeX Info: Redefining \dots on input line 475.
LaTeX Info: Redefining \cdots on input line 596.
\Mathstrutbox@=\box26
\strutbox@=\box27
\big@size=\dimen115
LaTeX Font Info:    Redeclaring font encoding OML on input line 712.
LaTeX Font Info:    Redeclaring font encoding OMS on input line 713.
\macc@depth=\count96
\c@MaxMatrixCols=\count97
\dotsspace@=\muskip10
\c@parentequation=\count98
\dspbrk@lvl=\count99
\tag@help=\toks17
\row@=\count100
\column@=\count101
\maxfields@=\count102
\andhelp@=\toks18
\eqnshift@=\dimen116
\alignsep@=\dimen117
\tagshift@=\dimen118
\tagwidth@=\dimen119
\totwidth@=\dimen120
\lineht@=\dimen121
\@envbody=\toks19
\multlinegap=\skip44
\multlinetaggap=\skip45
\mathdisplay@stack=\toks20
LaTeX Info: Redefining \[ on input line 2817.
LaTeX Info: Redefining \] on input line 2818.
)
("C:\Program Files\MiKTeX 2.9\tex\latex\hyperref\hyperref.sty"
Package: hyperref 2017/03/14 v6.85a Hypertext links for LaTeX

("C:\Program Files\MiKTeX 2.9\tex\generic\oberdiek\hobsub-hyperref.sty"
Package: hobsub-hyperref 2016/05/16 v1.14 Bundle oberdiek, subset hyperref (HO)


("C:\Program Files\MiKTeX 2.9\tex\generic\oberdiek\hobsub-generic.sty"
Package: hobsub-generic 2016/05/16 v1.14 Bundle oberdiek, subset generic (HO)
Package: hobsub 2016/05/16 v1.14 Construct package bundles (HO)
Package: infwarerr 2016/05/16 v1.4 Providing info/warning/error messages (HO)
Package: ltxcmds 2016/05/16 v1.23 LaTeX kernel commands for general use (HO)
Package: ifluatex 2016/05/16 v1.4 Provides the ifluatex switch (HO)
Package ifluatex Info: LuaTeX not detected.
Package hobsub Info: Skipping package `ifvtex' (already loaded).
Package: intcalc 2016/05/16 v1.2 Expandable calculations with integers (HO)
Package hobsub Info: Skipping package `ifpdf' (already loaded).
Package: etexcmds 2016/05/16 v1.6 Avoid name clashes with e-TeX commands (HO)
Package etexcmds Info: Could not find \expanded.
(etexcmds)             That can mean that you are not using pdfTeX 1.50 or
(etexcmds)             that some package has redefined \expanded.
(etexcmds)             In the latter case, load this package earlier.
Package: kvsetkeys 2016/05/16 v1.17 Key value parser (HO)
Package: kvdefinekeys 2016/05/16 v1.4 Define keys (HO)
Package: pdftexcmds 2017/03/19 v0.25 Utility functions of pdfTeX for LuaTeX (HO
)
Package pdftexcmds Info: LuaTeX not detected.
Package pdftexcmds Info: \pdf@primitive is available.
Package pdftexcmds Info: \pdf@ifprimitive is available.
Package pdftexcmds Info: \pdfdraftmode found.
Package: pdfescape 2016/05/16 v1.14 Implements pdfTeX's escape features (HO)
Package: bigintcalc 2016/05/16 v1.4 Expandable calculations on big integers (HO
)
Package: bitset 2016/05/16 v1.2 Handle bit-vector datatype (HO)
Package: uniquecounter 2016/05/16 v1.3 Provide unlimited unique counter (HO)
)
Package hobsub Info: Skipping package `hobsub' (already loaded).
Package: letltxmacro 2016/05/16 v1.5 Let assignment for LaTeX macros (HO)
Package: hopatch 2016/05/16 v1.3 Wrapper for package hooks (HO)
Package: xcolor-patch 2016/05/16 xcolor patch
Package: atveryend 2016/05/16 v1.9 Hooks at the very end of document (HO)
Package atveryend Info: \enddocument detected (standard20110627).
Package: atbegshi 2016/06/09 v1.18 At begin shipout hook (HO)
Package: refcount 2016/05/16 v3.5 Data extraction from label references (HO)
Package: hycolor 2016/05/16 v1.8 Color options for hyperref/bookmark (HO)
)
("C:\Program Files\MiKTeX 2.9\tex\latex\oberdiek\auxhook.sty"
Package: auxhook 2016/05/16 v1.4 Hooks for auxiliary files (HO)
)
("C:\Program Files\MiKTeX 2.9\tex\latex\oberdiek\kvoptions.sty"
Package: kvoptions 2016/05/16 v3.12 Key value format for package options (HO)
)
\@linkdim=\dimen122
\Hy@linkcounter=\count103
\Hy@pagecounter=\count104

("C:\Program Files\MiKTeX 2.9\tex\latex\hyperref\pd1enc.def"
File: pd1enc.def 2017/03/14 v6.85a Hyperref: PDFDocEncoding definition (HO)
)
\Hy@SavedSpaceFactor=\count105

("C:\Program Files\MiKTeX 2.9\tex\latex\00miktex\hyperref.cfg"
File: hyperref.cfg 2002/06/06 v1.2 hyperref configuration of TeXLive
)
Package hyperref Info: Hyper figures OFF on input line 4498.
Package hyperref Info: Link nesting OFF on input line 4503.
Package hyperref Info: Hyper index ON on input line 4506.
Package hyperref Info: Plain pages OFF on input line 4513.
Package hyperref Info: Backreferencing OFF on input line 4518.
Package hyperref Info: Implicit mode ON; LaTeX internals redefined.
Package hyperref Info: Bookmarks ON on input line 4751.
\c@Hy@tempcnt=\count106

("C:\Program Files\MiKTeX 2.9\tex\latex\url\url.sty"
\Urlmuskip=\muskip11
Package: url 2013/09/16  ver 3.4  Verb mode for urls, etc.
)
LaTeX Info: Redefining \url on input line 5104.
\XeTeXLinkMargin=\dimen123
\Fld@menulength=\count107
\Field@Width=\dimen124
\Fld@charsize=\dimen125
Package hyperref Info: Hyper figures OFF on input line 6358.
Package hyperref Info: Link nesting OFF on input line 6363.
Package hyperref Info: Hyper index ON on input line 6366.
Package hyperref Info: backreferencing OFF on input line 6373.
Package hyperref Info: Link coloring OFF on input line 6378.
Package hyperref Info: Link coloring with OCG OFF on input line 6383.
Package hyperref Info: PDF/A mode OFF on input line 6388.
LaTeX Info: Redefining \ref on input line 6428.
LaTeX Info: Redefining \pageref on input line 6432.
\Hy@abspage=\count108
\c@Item=\count109
\c@Hfootnote=\count110
)

Package hyperref Message: Driver (autodetected): hpdftex.

("C:\Program Files\MiKTeX 2.9\tex\latex\hyperref\hpdftex.def"
File: hpdftex.def 2017/03/14 v6.85a Hyperref driver for pdfTeX
\Fld@listcount=\count111
\c@bookmark@seq@number=\count112

("C:\Program Files\MiKTeX 2.9\tex\latex\oberdiek\rerunfilecheck.sty"
Package: rerunfilecheck 2016/05/16 v1.8 Rerun checks for auxiliary files (HO)
Package uniquecounter Info: New unique counter `rerunfilecheck' on input line 2
82.
)
\Hy@SectionHShift=\skip46
)
("C:\Program Files\MiKTeX 2.9\tex\latex\tabu\tabu.sty"
Package: tabu 2011/02/26 v2.8 - flexible LaTeX tabulars (FC)

("C:\Program Files\MiKTeX 2.9\tex\latex\tools\array.sty"
Package: array 2016/10/06 v2.4d Tabular extension package (FMi)
\col@sep=\dimen126
\extrarowheight=\dimen127
\NC@list=\toks21
\extratabsurround=\skip47
\backup@length=\skip48
)
("C:\Program Files\MiKTeX 2.9\tex\latex\ltxmisc\varwidth.sty"
Package: varwidth 2009/03/30 ver 0.92;  Variable-width minipages
\@vwid@box=\box28
\sift@deathcycles=\count113
\@vwid@loff=\dimen128
\@vwid@roff=\dimen129
)
\c@taburow=\count114
\tabu@nbcols=\count115
\tabu@cnt=\count116
\tabu@Xcol=\count117
\tabu@alloc=\count118
\tabu@nested=\count119
\tabu@target=\dimen130
\tabu@spreadtarget=\dimen131
\tabu@naturalX=\dimen132
\tabucolX=\dimen133
\tabu@Xsum=\dimen134
\extrarowdepth=\dimen135
\abovetabulinesep=\dimen136
\belowtabulinesep=\dimen137
\tabustrutrule=\dimen138
\tabu@thebody=\toks22
\tabu@footnotes=\toks23
\tabu@box=\box29
\tabu@arstrutbox=\box30
\tabu@hleads=\box31
\tabu@vleads=\box32
\tabu@cellskip=\skip49
)
("C:\Program Files\MiKTeX 2.9\tex\latex\float\float.sty"
Package: float 2001/11/08 v1.3d Float enhancements (AL)
\c@float@type=\count120
\float@exts=\toks24
\float@box=\box33
\@float@everytoks=\toks25
\@floatcapt=\box34
)
("C:\Program Files\MiKTeX 2.9\tex\latex\listings\listings.sty"
\lst@mode=\count121
\lst@gtempboxa=\box35
\lst@token=\toks26
\lst@length=\count122
\lst@currlwidth=\dimen139
\lst@column=\count123
\lst@pos=\count124
\lst@lostspace=\dimen140
\lst@width=\dimen141
\lst@newlines=\count125
\lst@lineno=\count126
\lst@maxwidth=\dimen142

("C:\Program Files\MiKTeX 2.9\tex\latex\listings\lstmisc.sty"
File: lstmisc.sty 2015/06/04 1.6 (Carsten Heinz)
\c@lstnumber=\count127
\lst@skipnumbers=\count128
\lst@framebox=\box36
)
("C:\Program Files\MiKTeX 2.9\tex\latex\listings\listings.cfg"
File: listings.cfg 2015/06/04 1.6 listings configuration
))
Package: listings 2015/06/04 1.6 (Carsten Heinz)

("C:\Program Files\MiKTeX 2.9\tex\latex\graphics\color.sty"
Package: color 2016/07/10 v1.1e Standard LaTeX Color (DPC)

("C:\Program Files\MiKTeX 2.9\tex\latex\graphics-cfg\color.cfg"
File: color.cfg 2016/01/02 v1.6 sample color configuration
)
Package color Info: Driver file: pdftex.def on input line 147.
)
("C:\Program Files\MiKTeX 2.9\tex\latex\appendix\appendix.sty"
Package: appendix 2009/09/02 v1.2b extra appendix facilities
\c@@pps=\count129
\c@@ppsavesec=\count130
\c@@ppsaveapp=\count131
)
("C:\Program Files\MiKTeX 2.9\tex\latex\enumitem\enumitem.sty"
Package: enumitem 2011/09/28 v3.5.2 Customized lists
\labelindent=\skip50
\enit@outerparindent=\dimen143
\enit@toks=\toks27
\enit@inbox=\box37
\enitdp@description=\count132
)
\enitdp@abbrv=\count133
 (root.aux

LaTeX Warning: Label `table:aimPt_isol' multiply defined.


LaTeX Warning: Label `table:aimPt_isol' multiply defined.

)
\openout1 = `root.aux'.

LaTeX Font Info:    Checking defaults for OML/cmm/m/it on input line 29.
LaTeX Font Info:    ... okay on input line 29.
LaTeX Font Info:    Checking defaults for T1/cmr/m/n on input line 29.
LaTeX Font Info:    ... okay on input line 29.
LaTeX Font Info:    Checking defaults for OT1/cmr/m/n on input line 29.
LaTeX Font Info:    ... okay on input line 29.
LaTeX Font Info:    Checking defaults for OMS/cmsy/m/n on input line 29.
LaTeX Font Info:    ... okay on input line 29.
LaTeX Font Info:    Checking defaults for OMX/cmex/m/n on input line 29.
LaTeX Font Info:    ... okay on input line 29.
LaTeX Font Info:    Checking defaults for U/cmr/m/n on input line 29.
LaTeX Font Info:    ... okay on input line 29.
LaTeX Font Info:    Checking defaults for PD1/pdf/m/n on input line 29.
LaTeX Font Info:    ... okay on input line 29.
 ("C:\Program Files\MiKTeX 2.9\tex\context\base\supp-pdf.mkii"
[Loading MPS to PDF converter (version 2006.09.02).]
\scratchcounter=\count134
\scratchdimen=\dimen144
\scratchbox=\box38
\nofMPsegments=\count135
\nofMParguments=\count136
\everyMPshowfont=\toks28
\MPscratchCnt=\count137
\MPscratchDim=\dimen145
\MPnumerator=\count138
\makeMPintoPDFobject=\count139
\everyMPtoPDFconversion=\toks29
) ("C:\Program Files\MiKTeX 2.9\tex\latex\oberdiek\epstopdf-base.sty"
Package: epstopdf-base 2016/05/15 v2.6 Base part for package epstopdf

("C:\Program Files\MiKTeX 2.9\tex\latex\oberdiek\grfext.sty"
Package: grfext 2016/05/16 v1.2 Manage graphics extensions (HO)
)
Package epstopdf-base Info: Redefining graphics rule for `.eps' on input line 4
38.
Package grfext Info: Graphics extension search list:
(grfext)             [.pdf,.png,.jpg,.mps,.jpeg,.jbig2,.jb2,.PDF,.PNG,.JPG,.JPE
G,.JBIG2,.JB2,.eps]
(grfext)             \AppendGraphicsExtensions on input line 456.
)
*geometry* driver: auto-detecting
*geometry* detected driver: pdftex
*geometry* verbose mode - [ preamble ] result:
* driver: pdftex
* paper: a4paper
* layout: <same size as paper>
* layoutoffset:(h,v)=(0.0pt,0.0pt)
* modes: 
* h-part:(L,W,R)=(81.94394pt, 433.62pt, 81.94394pt)
* v-part:(T,H,B)=(106.75473pt, 578.15999pt, 160.13213pt)
* \paperwidth=597.50787pt
* \paperheight=845.04684pt
* \textwidth=433.62pt
* \textheight=578.15999pt
* \oddsidemargin=9.67395pt
* \evensidemargin=9.67395pt
* \topmargin=-2.51526pt
* \headheight=12.0pt
* \headsep=25.0pt
* \topskip=10.0pt
* \footskip=30.0pt
* \marginparwidth=65.0pt
* \marginparsep=11.0pt
* \columnsep=10.0pt
* \skip\footins=9.0pt plus 4.0pt minus 2.0pt
* \hoffset=0.0pt
* \voffset=0.0pt
* \mag=1000
* \@twocolumnfalse
* \@twosidefalse
* \@mparswitchfalse
* \@reversemarginfalse
* (1in=72.27pt=25.4mm, 1cm=28.453pt)

\AtBeginShipoutBox=\box39
Package hyperref Info: Link coloring OFF on input line 29.
("C:\Program Files\MiKTeX 2.9\tex\latex\hyperref\nameref.sty"
Package: nameref 2016/05/21 v2.44 Cross-referencing by name of section

("C:\Program Files\MiKTeX 2.9\tex\generic\oberdiek\gettitlestring.sty"
Package: gettitlestring 2016/05/16 v1.5 Cleanup title references (HO)
)
\c@section@level=\count140
)
LaTeX Info: Redefining \ref on input line 29.
LaTeX Info: Redefining \pageref on input line 29.
LaTeX Info: Redefining \nameref on input line 29.

(root.out) (root.out)
\@outlinefile=\write3
\openout3 = `root.out'.

\c@lstlisting=\count141
 (title.tex
<figures/uoc_logo.png, id=326, 71.0655pt x 74.9199pt>
File: figures/uoc_logo.png Graphic file (type png)
<use figures/uoc_logo.png>
Package pdftex.def Info: figures/uoc_logo.png  used on input line 7. on input l
ine 7.
Package pdftex.def Info: Requested size: 86.72267pt x 91.42957pt on input line 
7.
<figures/ucsc.jpg, id=328, 310.15875pt x 323.2075pt>
File: figures/ucsc.jpg Graphic file (type jpg)
<use figures/ucsc.jpg>
Package pdftex.def Info: figures/ucsc.jpg  used on input line 35. on input line
 35.
Package pdftex.def Info: Requested size: 86.72267pt x 90.36925pt on input line 
35.
 [1

{C:/Users/randeepac.cbl/AppData/Local/MiKTeX/2.9/pdftex/config/pdftex.map} <./f
igures/uoc_logo.png> <./figures/ucsc.jpg>])
(declaration.tex
Missing character: There is no â in font cmr10!
Missing character: There is no € in font cmr10!
Missing character: There is no “ in font cmr10!
Missing character: There is no Â in font cmr10!
Missing character: There is no   in font cmr10!
Missing character: There is no Â in font cmr10!
Missing character: There is no   in font cmr10!
Missing character: There is no Â in font cmr10!
Missing character: There is no   in font cmr10!
Missing character: There is no Â in font cmr10!
Missing character: There is no   in font cmr10!
Missing character: There is no Â in font cmr10!
Missing character: There is no   in font cmr10!
Missing character: There is no Â in font cmr10!
Missing character: There is no   in font cmr10!
Missing character: There is no Â in font cmr10!
Missing character: There is no   in font cmr10!
Missing character: There is no Â in font cmr10!
Missing character: There is no   in font cmr10!
Missing character: There is no Â in font cmr10!
Missing character: There is no   in font cmr10!
Missing character: There is no Â in font cmr10!
Missing character: There is no   in font cmr10!
Missing character: There is no Â in font cmr10!
Missing character: There is no   in font cmr10!
Missing character: There is no Â in font cmr10!
Missing character: There is no   in font cmr10!
Missing character: There is no Â in font cmr10!
Missing character: There is no   in font cmr10!
Missing character: There is no Â in font cmr10!
Missing character: There is no   in font cmr10!
Missing character: There is no Â in font cmr10!
Missing character: There is no   in font cmr10!
Missing character: There is no Â in font cmr10!
Missing character: There is no   in font cmr10!
Missing character: There is no Â in font cmr10!
Missing character: There is no   in font cmr10!
)
Underfull \hbox (badness 10000) in paragraph at lines 2--40

 []


Underfull \hbox (badness 10000) in paragraph at lines 2--40

 []


Underfull \hbox (badness 10000) in paragraph at lines 2--40

 []


Underfull \hbox (badness 10000) in paragraph at lines 2--40

 []


Underfull \hbox (badness 10000) in paragraph at lines 2--40

 []


Underfull \hbox (badness 10000) in paragraph at lines 2--40

 []


Underfull \hbox (badness 10000) in paragraph at lines 2--40

 []


Underfull \hbox (badness 10000) in paragraph at lines 2--40

 []

[1

] (acknowledgement.tex) [2

] (abstract.tex) [3

] (root.toc [4

] [5])
\tf@toc=\write4
\openout4 = `root.toc'.

 [6]
(root.lof)
\tf@lof=\write5
\openout5 = `root.lof'.

 [7

] (root.lot)
\tf@lot=\write6
\openout6 = `root.lot'.

 [8

] [9

] [10]
Chapter 1.
(chapter01.tex
Missing character: There is no Â in font cmr10!
Missing character: There is no   in font cmr10!
Missing character: There is no Â in font cmr10!
Missing character: There is no   in font cmr10!
Missing character: There is no Â in font cmr10!
Missing character: There is no   in font cmr10!
Missing character: There is no Â in font cmr10!
Missing character: There is no   in font cmr10!
 [1

]
Missing character: There is no Â in font cmr10!
Missing character: There is no   in font cmr10!
Missing character: There is no Â in font cmr10!
Missing character: There is no   in font cmr10!
 [2] ("C:\Program Files\MiKTeX 2.9\tex\latex\base\omscmr.fd")
Underfull \hbox (badness 1389) in paragraph at lines 56--56
[]\OT1/cmr/m/n/10 Signal strength of Wi-Fi de-pends on
 []

[3pdfTeX warning (ext4): destination with the same identifier (name{table.1.1})
 has been already used, duplicate ignored

\AtBegShi@Output ...ipout \box \AtBeginShipoutBox 
                                                  \fi \fi 
l.71 
     ]
Underfull \hbox (badness 2809) in paragraph at lines 110--110
[]\OT1/cmr/m/n/10 Uses static en-cryp-tion
 []


Underfull \hbox (badness 3623) in paragraph at lines 110--110
[]\OT1/cmr/m/n/10 Less pro-cess-ing power
 []


Underfull \hbox (badness 1117) in paragraph at lines 110--110
[]\OT1/cmr/m/n/10 Master key has to be
 []

[4] [5pdfTeX warning (ext4): destination with the same identifier (name{table.1
.2}) has been already used, duplicate ignored

\AtBegShi@Output ...ipout \box \AtBeginShipoutBox 
                                                  \fi \fi 
l.141 
      ] [6] [7] [8]) [9]
Chapter 2.
(chapter02.tex [10

]
<figures/philips.png, id=668, 306.39468pt x 349.305pt>
File: figures/philips.png Graphic file (type png)
<use figures/philips.png>
Package pdftex.def Info: figures/philips.png  used on input line 29. on input l
ine 29.
Package pdftex.def Info: Requested size: 216.81pt x 247.17148pt on input line 2
9.
 [11pdfTeX warning (ext4): destination with the same identifier (name{figure.2.
1}) has been already used, duplicate ignored

\AtBegShi@Output ...ipout \box \AtBeginShipoutBox 
                                                  \fi \fi 
l.33 \newpage
              <./figures/philips.png>] [12]) [13]
Chapter 3.
(chapter03.tex
<figures/inverse_square_law.png, id=695, 453.19313pt x 232.61906pt>
File: figures/inverse_square_law.png Graphic file (type png)
<use figures/inverse_square_law.png>
Package pdftex.def Info: figures/inverse_square_law.png  used on input line 13.
 on input line 13.
Package pdftex.def Info: Requested size: 433.62pt x 222.57346pt on input line 1
3.


LaTeX Warning: `h' float specifier changed to `ht'.


LaTeX Font Warning: Command \boldmath invalid in math mode on input line 17.


LaTeX Font Warning: Command \mathversion invalid in math mode on input line 17.


LaTeX Font Info:    Calculating math sizes for size <> on input line 19.

LaTeX Font Warning: Font shape `OT1/cmr/m/n' in size <> not available
(Font)              size <5> substituted on input line 19.


LaTeX Font Warning: Font shape `OT1/cmr/m/n' in size <0.7> not available
(Font)              size <5> substituted on input line 19.


LaTeX Font Warning: Font shape `OT1/cmr/m/n' in size <0.5> not available
(Font)              size <5> substituted on input line 19.


LaTeX Font Warning: Font shape `OML/cmm/m/it' in size <> not available
(Font)              size <5> substituted on input line 19.


LaTeX Font Warning: Font shape `OML/cmm/m/it' in size <0.7> not available
(Font)              size <5> substituted on input line 19.


LaTeX Font Warning: Font shape `OML/cmm/m/it' in size <0.5> not available
(Font)              size <5> substituted on input line 19.


LaTeX Font Warning: Font shape `OMS/cmsy/m/n' in size <> not available
(Font)              size <5> substituted on input line 19.


LaTeX Font Warning: Font shape `OMS/cmsy/m/n' in size <0.7> not available
(Font)              size <5> substituted on input line 19.


LaTeX Font Warning: Font shape `OMS/cmsy/m/n' in size <0.5> not available
(Font)              size <5> substituted on input line 19.


Underfull \hbox (badness 10000) in paragraph at lines 19--20

 []


Underfull \hbox (badness 10000) in paragraph at lines 22--28

 []

[14

]
Underfull \hbox (badness 10000) in paragraph at lines 38--39

 []


LaTeX Font Warning: Command \boldmath invalid in math mode on input line 40.


LaTeX Font Warning: Command \mathversion invalid in math mode on input line 40.



Underfull \hbox (badness 10000) in paragraph at lines 42--43

 []


Underfull \hbox (badness 10000) in paragraph at lines 44--52

 []


Underfull \hbox (badness 10000) in paragraph at lines 54--56

 []

[15pdfTeX warning (ext4): destination with the same identifier (name{figure.3.1
}) has been already used, duplicate ignored

\AtBegShi@Output ...ipout \box \AtBeginShipoutBox 
                                                  \fi \fi 
l.62 
      <./figures/inverse_square_law.png>]
<figures/fp.png, id=719, 389.95688pt x 314.67563pt>
File: figures/fp.png Graphic file (type png)
<use figures/fp.png>
Package pdftex.def Info: figures/fp.png  used on input line 75. on input line 7
5.
Package pdftex.def Info: Requested size: 216.81pt x 174.95433pt on input line 7
5.
 [16pdfTeX warning (ext4): destination with the same identifier (name{figure.3.
2}) has been already used, duplicate ignored

\AtBegShi@Output ...ipout \box \AtBeginShipoutBox 
                                                  \fi \fi 
l.84 			\item N
               OTE: <./figures/fp.png>]
Overfull \hbox (33.6864pt too wide) in paragraph at lines 97--98
\OT1/cmr/m/n/10 The pro-cess of cal-cu-lat-ing the po-si-tion of the ob-ject by
 us-ing a math-e-mat-i-cal way is called "Trilateration".[[]]
 []

<figures/tri_1.png, id=731, 583.42969pt x 378.66469pt>
File: figures/tri_1.png Graphic file (type png)
<use figures/tri_1.png>
Package pdftex.def Info: figures/tri_1.png  used on input line 101. on input li
ne 101.
Package pdftex.def Info: Requested size: 346.89731pt x 225.15517pt on input lin
e 101.
[17pdfTeX warning (ext4): destination with the same identifier (name{figure.3.3
}) has been already used, duplicate ignored

\AtBegShi@Output ...ipout \box \AtBeginShipoutBox 
                                                  \fi \fi 
l.106 
       <./figures/tri_1.png>]
<figures/tri_2.png, id=739, 584.93532pt x 404.26031pt>
File: figures/tri_2.png Graphic file (type png)
<use figures/tri_2.png>
Package pdftex.def Info: figures/tri_2.png  used on input line 109. on input li
ne 109.
Package pdftex.def Info: Requested size: 346.89731pt x 239.75755pt on input lin
e 109.
<figures/tri_3.png, id=740, 567.62062pt x 386.19281pt>
File: figures/tri_3.png Graphic file (type png)
<use figures/tri_3.png>
Package pdftex.def Info: figures/tri_3.png  used on input line 117. on input li
ne 117.
Package pdftex.def Info: Requested size: 346.89731pt x 236.02512pt on input lin
e 117.


LaTeX Warning: `h' float specifier changed to `ht'.

[18pdfTeX warning (ext4): destination with the same identifier (name{figure.3.4
}) has been already used, duplicate ignored

\AtBegShi@Output ...ipout \box \AtBeginShipoutBox 
                                                  \fi \fi 
l.134  \newpage
                <./figures/tri_2.png>]
Overfull \hbox (9.57533pt too wide) in paragraph at lines 139--140
\OT1/cmr/m/n/10 mote ac-cess net-work-ing which pro-vides au-tho-riza-tion, au-
then-ti-ca-tion, ac-count-ing and identification.[[]]
 []

[19pdfTeX warning (ext4): destination with the same identifier (name{figure.3.5
}) has been already used, duplicate ignored

\AtBegShi@Output ...ipout \box \AtBeginShipoutBox 
                                                  \fi \fi 
l.150  			\subitem
                   User is denied to access to all requested network access ...
 <./figures/tri_3.png>]
<figures/radius_auth.png, id=762, 546.54187pt x 340.27126pt>
File: figures/radius_auth.png Graphic file (type png)
<use figures/radius_auth.png>
Package pdftex.def Info: figures/radius_auth.png  used on input line 155. on in
put line 155.
Package pdftex.def Info: Requested size: 346.89731pt x 215.97638pt on input lin
e 155.

Underfull \hbox (badness 3724) in paragraph at lines 190--190
[]| \OT1/cmr/m/n/10 FreeRA-DIUS is ca-pa-ble of sup-
 []


Underfull \hbox (badness 1789) in paragraph at lines 190--190
\OT1/cmr/m/n/10 port-ing file based au-then-ti-ca-tion and
 []

[20pdfTeX warning (ext4): destination with the same identifier (name{figure.3.6
}) has been already used, duplicate ignored

\AtBegShi@Output ...ipout \box \AtBeginShipoutBox 
                                                  \fi \fi 
l.194  \end{center}
                    <./figures/radius_auth.png>]
Overfull \hbox (23.7121pt too wide) in paragraph at lines 198--199
\OT1/cmr/m/n/10 Android Wi-fiEn-ter-priseC-on-fig ap-pli-ca-tion pro-gram-ming 
in-ter-face(API) sup-ports the RA-DIUS protocol[[]]
 []


Overfull \hbox (0.2025pt too wide) in paragraph at lines 203--204
 [][] \OT1/cmr/m/n/10 In this re-search, HY-BRID TECH-NIQUE has been used to lo
-cate re-ceiver(user)'s lo-ca-tion. FreeRA-
 []

[21pdfTeX warning (ext4): destination with the same identifier (name{table.3.1}
) has been already used, duplicate ignored

\AtBegShi@Output ...ipout \box \AtBeginShipoutBox 
                                                  \fi \fi 
l.211 			\item I
                t is free to use and free to modify.]) [22]
Chapter 4.
(designchapter.tex
<figures/toplevel_3.png, id=796, 661.72218pt x 382.42876pt>
File: figures/toplevel_3.png Graphic file (type png)
<use figures/toplevel_3.png>
Package pdftex.def Info: figures/toplevel_3.png  used on input line 8. on input
 line 8.
Package pdftex.def Info: Requested size: 390.25534pt x 225.53763pt on input lin
e 8.
 [23

pdfTeX warning (ext4): destination with the same identifier (name{figure.4.1}) 
has been already used, duplicate ignored

\AtBegShi@Output ...ipout \box \AtBeginShipoutBox 
                                                  \fi \fi 
l.13 
      <./figures/toplevel_3.png>]
<figures/users_table.png, id=802, 156.585pt x 130.23656pt>
File: figures/users_table.png Graphic file (type png)
<use figures/users_table.png>
Package pdftex.def Info: figures/users_table.png  used on input line 26. on inp
ut line 26.
Package pdftex.def Info: Requested size: 130.08731pt x 108.20163pt on input lin
e 26.
 [24pdfTeX warning (ext4): destination with the same identifier (name{figure.4.
2}) has been already used, duplicate ignored

\AtBegShi@Output ...ipout \box \AtBeginShipoutBox 
                                                  \fi \fi 
l.30 \newpage
              <./figures/users_table.png>]
<figures/locations_table.png, id=810, 139.27031pt x 243.91125pt>
File: figures/locations_table.png Graphic file (type png)
<use figures/locations_table.png>
Package pdftex.def Info: figures/locations_table.png  used on input line 36. on
 input line 36.
Package pdftex.def Info: Requested size: 130.08731pt x 227.83255pt on input lin
e 36.
<figures/calibrated_table.png, id=811, 263.48438pt x 245.41687pt>
File: figures/calibrated_table.png Graphic file (type png)
<use figures/calibrated_table.png>
Package pdftex.def Info: figures/calibrated_table.png  used on input line 44. o
n input line 44.
Package pdftex.def Info: Requested size: 130.08731pt x 121.17278pt on input lin
e 44.
 [25pdfTeX warning (ext4): destination with the same identifier (name{figure.4.
3}) has been already used, duplicate ignored

\AtBegShi@Output ...ipout \box \AtBeginShipoutBox 
                                                  \fi \fi 
l.48 \newpage
             pdfTeX warning (ext4): destination with the same identifier (name{
figure.4.4}) has been already used, duplicate ignored

\AtBegShi@Output ...ipout \box \AtBeginShipoutBox 
                                                  \fi \fi 
l.48 \newpage
              <./figures/locations_table.png> <./figures/calibrated_table.png>]
<figures/activity_diagram.png, id=820, 660.21657pt x 326.72063pt>
File: figures/activity_diagram.png Graphic file (type png)
<use figures/activity_diagram.png>
Package pdftex.def Info: figures/activity_diagram.png  used on input line 56. o
n input line 56.
Package pdftex.def Info: Requested size: 433.62pt x 214.58934pt on input line 5
6.
[26pdfTeX warning (ext4): destination with the same identifier (name{figure.4.5
}) has been already used, duplicate ignored

\AtBegShi@Output ...ipout \box \AtBeginShipoutBox 
                                                  \fi \fi 
l.63 \newpage
              <./figures/activity_diagram.png>]
<figures/signal_distribution.png, id=829, 426.09187pt x 371.13657pt>
File: figures/signal_distribution.png Graphic file (type png)
<use figures/signal_distribution.png>
Package pdftex.def Info: figures/signal_distribution.png  used on input line 70
. on input line 70.
Package pdftex.def Info: Requested size: 346.89731pt x 302.17065pt on input lin
e 70.
) [27pdfTeX warning (ext4): destination with the same identifier (name{figure.4
.6}) has been already used, duplicate ignored

\AtBegShi@Output ...ipout \box \AtBeginShipoutBox 
                                                  \fi \fi 
l.116 	\chapter
               {IMPLEMENTATION} <./figures/signal_distribution.png>]
Chapter 5.
(chapter04.tex
<figures/ubuntu.png, id=835, 324.46219pt x 322.20375pt>
File: figures/ubuntu.png Graphic file (type png)
<use figures/ubuntu.png>
Package pdftex.def Info: figures/ubuntu.png  used on input line 11. on input li
ne 11.
Package pdftex.def Info: Requested size: 173.44534pt x 172.2421pt on input line
 11.
 [28

pdfTeX warning (ext4): destination with the same identifier (name{figure.5.1}) 
has been already used, duplicate ignored

\AtBegShi@Output ...ipout \box \AtBeginShipoutBox 
                                                  \fi \fi 
l.19 \paragraph
               {} <./figures/ubuntu.png>] [29] [30]
<figures/router_config.png, id=915, 755.07094pt x 420.82219pt>
File: figures/router_config.png Graphic file (type png)
<use figures/router_config.png>
Package pdftex.def Info: figures/router_config.png  used on input line 114. on 
input line 114.
Package pdftex.def Info: Requested size: 433.62pt x 241.66907pt on input line 1
14.

Overfull \hbox (72.29546pt too wide) in paragraph at lines 119--120
\OT1/cmr/m/n/10 prise(RADIUS). Au-then-ti-ca-tion RA-DIUS server port has con-f
ig-ured as 1812, IP ad-dress as 192.168.1.20/255.255.255.0
 []


Overfull \hbox (54.1836pt too wide) in paragraph at lines 119--120
\OT1/cmr/m/n/10 and the most im-por-tant pre-shared se-cret is set as per the F
reeRA-DIUS server's [][]\OT1/cmtt/m/n/10 \etc\freeradius\clients.conf
 []

<figures/select_ap.png, id=916, 279.29344pt x 314.67563pt>
File: figures/select_ap.png Graphic file (type png)
<use figures/select_ap.png>
Package pdftex.def Info: figures/select_ap.png  used on input line 127. on inpu
t line 127.
Package pdftex.def Info: Requested size: 216.81pt x 244.28401pt on input line 1
27.

LaTeX Warning: `h' float specifier changed to `ht'.

[31pdfTeX warning (ext4): destination with the same identifier (name{figure.5.2
}) has been already used, duplicate ignored

\AtBegShi@Output ...ipout \box \AtBeginShipoutBox 
                                                  \fi \fi 
l.132 \newpage
               <./figures/router_config.png>] [32pdfTeX warning (ext4): destina
tion with the same identifier (name{figure.5.3}) has been already used, duplica
te ignored

\AtBegShi@Output ...ipout \box \AtBeginShipoutBox 
                                                  \fi \fi 
l.153 \newpage
               <./figures/select_ap.png>]
<figures/mobile_app.png, id=948, 722.7pt x 1284.8pt>
File: figures/mobile_app.png Graphic file (type png)
<use figures/mobile_app.png>
Package pdftex.def Info: figures/mobile_app.png  used on input line 160. on inp
ut line 160.
Package pdftex.def Info: Requested size: 173.44534pt x 308.3387pt on input line
 160.
 [33pdfTeX warning (ext4): destination with the same identifier (name{figure.5.
4}) has been already used, duplicate ignored

\AtBegShi@Output ...ipout \box \AtBeginShipoutBox 
                                                  \fi \fi 
l.165 \newpage
               <./figures/mobile_app.png>]
<figures/backend.png, id=954, 391.4625pt x 414.79968pt>
File: figures/backend.png Graphic file (type png)
<use figures/backend.png>
Package pdftex.def Info: figures/backend.png  used on input line 172. on input 
line 172.
Package pdftex.def Info: Requested size: 260.17464pt x 275.69908pt on input lin
e 172.
 [34pdfTeX warning (ext4): destination with the same identifier (name{figure.5.
5}) has been already used, duplicate ignored

\AtBegShi@Output ...ipout \box \AtBeginShipoutBox 
                                                  \fi \fi 
l.177 \newpage
               <./figures/backend.png>]
<figures/ntrping.png, id=960, 505.13719pt x 317.68687pt>
File: figures/ntrping.png Graphic file (type png)
<use figures/ntrping.png>
Package pdftex.def Info: figures/ntrping.png  used on input line 184. on input 
line 184.
Package pdftex.def Info: Requested size: 346.89731pt x 218.17165pt on input lin
e 184.
) [35pdfTeX warning (ext4): destination with the same identifier (name{figure.5
.6}) has been already used, duplicate ignored

\AtBegShi@Output ...ipout \box \AtBeginShipoutBox 
                                                  \fi \fi 
l.119 	\chapter
               {EVALUATION} <./figures/ntrping.png>]
Chapter 6.
(chapter05.tex [36

]
<figures/ap1.png, id=972, 490.08093pt x 300.3722pt>
File: figures/ap1.png Graphic file (type png)
<use figures/ap1.png>
Package pdftex.def Info: figures/ap1.png  used on input line 12. on input line 
12.
Package pdftex.def Info: Requested size: 433.62pt x 265.77206pt on input line 1
2.
 [37pdfTeX warning (ext4): destination with the same identifier (name{figure.6.
1}) has been already used, duplicate ignored

\AtBegShi@Output ...ipout \box \AtBeginShipoutBox 
                                                  \fi \fi 
l.19 \newpage
              <./figures/ap1.png>]
<figures/ap2.png, id=978, 487.8225pt x 299.61937pt>
File: figures/ap2.png Graphic file (type png)
<use figures/ap2.png>
Package pdftex.def Info: figures/ap2.png  used on input line 24. on input line 
24.
Package pdftex.def Info: Requested size: 433.62pt x 266.33122pt on input line 2
4.
 [38pdfTeX warning (ext4): destination with the same identifier (name{figure.6.
2}) has been already used, duplicate ignored

\AtBegShi@Output ...ipout \box \AtBeginShipoutBox 
                                                  \fi \fi 
l.31 \newpage
              <./figures/ap2.png>]
<figures/ap3.png, id=985, 493.0922pt x 296.60812pt>
File: figures/ap3.png Graphic file (type png)
<use figures/ap3.png>
Package pdftex.def Info: figures/ap3.png  used on input line 36. on input line 
36.
Package pdftex.def Info: Requested size: 433.62pt x 260.8485pt on input line 36
.
 [39pdfTeX warning (ext4): destination with the same identifier (name{figure.6.
3}) has been already used, duplicate ignored

\AtBegShi@Output ...ipout \box \AtBeginShipoutBox 
                                                  \fi \fi 
l.43 \newpage
              <./figures/ap3.png>]
<figures/total_comparison.png, id=991, 508.90125pt x 309.40594pt>
File: figures/total_comparison.png Graphic file (type png)
<use figures/total_comparison.png>
Package pdftex.def Info: figures/total_comparison.png  used on input line 48. o
n input line 48.
Package pdftex.def Info: Requested size: 433.62pt x 263.6478pt on input line 48
.
 [40pdfTeX warning (ext4): destination with the same identifier (name{figure.6.
4}) has been already used, duplicate ignored

\AtBegShi@Output ...ipout \box \AtBeginShipoutBox 
                                                  \fi \fi 
l.55 \newpage
              <./figures/total_comparison.png>]
File: figures/fp.png Graphic file (type png)
<use figures/fp.png>
Package pdftex.def Info: figures/fp.png  used on input line 62. on input line 6
2.
Package pdftex.def Info: Requested size: 173.44534pt x 139.96059pt on input lin
e 62.
 [41pdfTeX warning (ext4): destination with the same identifier (name{figure.6.
5}) has been already used, duplicate ignored

\AtBegShi@Output ...ipout \box \AtBeginShipoutBox 
                                                  \fi \fi 
l.89 	\item
            Network range and distance between devicespdfTeX warning (ext4): de
stination with the same identifier (name{table.6.1}) has been already used, dup
licate ignored

\AtBegShi@Output ...ipout \box \AtBeginShipoutBox 
                                                  \fi \fi 
l.89 	\item
            Network range and distance between devices]
<figures/distance.png, id=1005, 250.68657pt x 46.67438pt>
File: figures/distance.png Graphic file (type png)
<use figures/distance.png>
Package pdftex.def Info: figures/distance.png  used on input line 93. on input 
line 93.
Package pdftex.def Info: Requested size: 173.44534pt x 32.29436pt on input line
 93.
 [42pdfTeX warning (ext4): destination with the same identifier (name{figure.6.
6}) has been already used, duplicate ignored

\AtBegShi@Output ...ipout \box \AtBeginShipoutBox 
                                                  \fi \fi 
l.118 		\subitem
                 The research has been carried out with seven(07) rounds of ...
 <./figures/distance.png>]) [43]
Chapter 7.
(chapter06.tex [44

]) (root.bbl [45]
Underfull \hbox (badness 1178) in paragraph at lines 39--42
[]\OT1/cmr/m/n/10 C. Christina, ``Ccm,'' 2016. [On-line]. Avail-able: []$http :
 / / ccm . net / faq /
 []


Underfull \hbox (badness 1521) in paragraph at lines 45--49
[]\OT1/cmr/m/n/10 ``Wireless se-cu-rity pro-to-cols: The dif-fer-ence be-tween 
wep, wpa,
 []


Underfull \hbox (badness 1038) in paragraph at lines 72--76
\OT1/cmr/m/it/10 2018\OT1/cmr/m/n/10 . [On-line]. Avail-able: []$http : / / sea
rchsecurity . techtarget . com / news / 450433066 /
 []


Underfull \hbox (badness 1127) in paragraph at lines 112--115
[]\OT1/cmr/m/n/10 ``Free-space path loss,'' 2018. [On-line]. Avail-able: []$htt
ps : / / ipfs . io / ipfs /
 []


Underfull \hbox (badness 10000) in paragraph at lines 112--115
\OT1/cmr/m/n/10 QmXoypizjW3WknFiJnKLwHCnL72vedxjQkDDP1mXWo6uco / wiki / Free-[]
space[]path[]loss .
 []


Underfull \hbox (badness 1769) in paragraph at lines 118--121
[]\OT1/cmr/m/n/10 ``Gis ge-og-ra-phy,'' 2017. [On-line]. Avail-able: []$http : 
/ / gisgeography . com /
 []

[46

]
Underfull \hbox (badness 1102) in paragraph at lines 193--196
[]\OT1/cmr/m/n/10 ``Techwalla,'' 2009. [On-line]. Avail-able: []$https : / / ww
w . techwalla . com / articles /
 []

) [47]
Appendix A.
LaTeX Font Info:    Try loading font information for OML+cmr on input line 134.

("C:\Program Files\MiKTeX 2.9\tex\latex\base\omlcmr.fd"
File: omlcmr.fd 2014/09/29 v2.5h Standard LaTeX font definitions
)
LaTeX Font Info:    Font shape `OML/cmr/m/n' in size <10> not available
(Font)              Font shape `OML/cmm/m/it' tried instead on input line 134.
 [48


] [49]
Appendix B.

Overfull \hbox (22.38464pt too wide) in paragraph at lines 230--231
[][][][][][][][][][][][][][][][][] 
 []

[50

] [51] [52]
Appendix C.
[53

pdfTeX warning (ext4): destination with the same identifier (name{table.C.1}) h
as been already used, duplicate ignored

\AtBegShi@Output ...ipout \box \AtBeginShipoutBox 
                                                  \fi \fi 
l.360 	
       pdfTeX warning (ext4): destination with the same identifier (name{table.
C.2}) has been already used, duplicate ignored

\AtBegShi@Output ...ipout \box \AtBeginShipoutBox 
                                                  \fi \fi 
l.360 	
       pdfTeX warning (ext4): destination with the same identifier (name{table.
C.3}) has been already used, duplicate ignored

\AtBegShi@Output ...ipout \box \AtBeginShipoutBox 
                                                  \fi \fi 
l.360 	
       ] [54pdfTeX warning (ext4): destination with the same identifier (name{t
able.C.4}) has been already used, duplicate ignored

\AtBegShi@Output ...ipout \box \AtBeginShipoutBox 
                                                  \fi \fi 
l.420 	
       pdfTeX warning (ext4): destination with the same identifier (name{table.
C.5}) has been already used, duplicate ignored

\AtBegShi@Output ...ipout \box \AtBeginShipoutBox 
                                                  \fi \fi 
l.420 	
       pdfTeX warning (ext4): destination with the same identifier (name{table.
C.6}) has been already used, duplicate ignored

\AtBegShi@Output ...ipout \box \AtBeginShipoutBox 
                                                  \fi \fi 
l.420 	
       pdfTeX warning (ext4): destination with the same identifier (name{table.
C.7}) has been already used, duplicate ignored

\AtBegShi@Output ...ipout \box \AtBeginShipoutBox 
                                                  \fi \fi 
l.420 	
       ] [55pdfTeX warning (ext4): destination with the same identifier (name{t
able.C.8}) has been already used, duplicate ignored

\AtBegShi@Output ...ipout \box \AtBeginShipoutBox 
                                                  \fi \fi 
l.480 	
       pdfTeX warning (ext4): destination with the same identifier (name{table.
C.9}) has been already used, duplicate ignored

\AtBegShi@Output ...ipout \box \AtBeginShipoutBox 
                                                  \fi \fi 
l.480 	
       pdfTeX warning (ext4): destination with the same identifier (name{table.
C.10}) has been already used, duplicate ignored

\AtBegShi@Output ...ipout \box \AtBeginShipoutBox 
                                                  \fi \fi 
l.480 	
       pdfTeX warning (ext4): destination with the same identifier (name{table.
C.11}) has been already used, duplicate ignored

\AtBegShi@Output ...ipout \box \AtBeginShipoutBox 
                                                  \fi \fi 
l.480 	
       ] [56pdfTeX warning (ext4): destination with the same identifier (name{t
able.C.12}) has been already used, duplicate ignored

\AtBegShi@Output ...ipout \box \AtBeginShipoutBox 
                                                  \fi \fi 
l.542 	
       pdfTeX warning (ext4): destination with the same identifier (name{table.
C.13}) has been already used, duplicate ignored

\AtBegShi@Output ...ipout \box \AtBeginShipoutBox 
                                                  \fi \fi 
l.542 	
       pdfTeX warning (ext4): destination with the same identifier (name{table.
C.14}) has been already used, duplicate ignored

\AtBegShi@Output ...ipout \box \AtBeginShipoutBox 
                                                  \fi \fi 
l.542 	
       pdfTeX warning (ext4): destination with the same identifier (name{table.
C.15}) has been already used, duplicate ignored

\AtBegShi@Output ...ipout \box \AtBeginShipoutBox 
                                                  \fi \fi 
l.542 	
       ] [57pdfTeX warning (ext4): destination with the same identifier (name{t
able.C.16}) has been already used, duplicate ignored

\AtBegShi@Output ...ipout \box \AtBeginShipoutBox 
                                                  \fi \fi 
l.602 
      pdfTeX warning (ext4): destination with the same identifier (name{table.C
.17}) has been already used, duplicate ignored

\AtBegShi@Output ...ipout \box \AtBeginShipoutBox 
                                                  \fi \fi 
l.602 
      pdfTeX warning (ext4): destination with the same identifier (name{table.C
.18}) has been already used, duplicate ignored

\AtBegShi@Output ...ipout \box \AtBeginShipoutBox 
                                                  \fi \fi 
l.602 
      pdfTeX warning (ext4): destination with the same identifier (name{table.C
.19}) has been already used, duplicate ignored

\AtBegShi@Output ...ipout \box \AtBeginShipoutBox 
                                                  \fi \fi 
l.602 
      ] [58pdfTeX warning (ext4): destination with the same identifier (name{ta
ble.C.20}) has been already used, duplicate ignored

\AtBegShi@Output ...ipout \box \AtBeginShipoutBox 
                                                  \fi \fi 
l.662 
      pdfTeX warning (ext4): destination with the same identifier (name{table.C
.21}) has been already used, duplicate ignored

\AtBegShi@Output ...ipout \box \AtBeginShipoutBox 
                                                  \fi \fi 
l.662 
      pdfTeX warning (ext4): destination with the same identifier (name{table.C
.22}) has been already used, duplicate ignored

\AtBegShi@Output ...ipout \box \AtBeginShipoutBox 
                                                  \fi \fi 
l.662 
      pdfTeX warning (ext4): destination with the same identifier (name{table.C
.23}) has been already used, duplicate ignored

\AtBegShi@Output ...ipout \box \AtBeginShipoutBox 
                                                  \fi \fi 
l.662 
      ]
Package atveryend Info: Empty hook `BeforeClearDocument' on input line 678.
 [59pdfTeX warning (ext4): destination with the same identifier (name{table.C.2
4}) has been already used, duplicate ignored

\AtBegShi@Output ...ipout \box \AtBeginShipoutBox 
                                                  \fi \fi 
l.678 \end{document}
                    pdfTeX warning (ext4): destination with the same identifier
 (name{table.C.25}) has been already used, duplicate ignored

\AtBegShi@Output ...ipout \box \AtBeginShipoutBox 
                                                  \fi \fi 
l.678 \end{document}
                    ]
Package atveryend Info: Empty hook `AfterLastShipout' on input line 678.
 (root.aux)
Package atveryend Info: Executing hook `AtVeryEndDocument' on input line 678.
Package atveryend Info: Executing hook `AtEndAfterFileList' on input line 678.
Package rerunfilecheck Info: File `root.out' has not changed.
(rerunfilecheck)             Checksum: 0263DA708D94328887A64632D4D91A84;5685.


LaTeX Font Warning: Size substitutions with differences
(Font)              up to 4.5pt have occurred.


LaTeX Warning: There were multiply-defined labels.

Package atveryend Info: Empty hook `AtVeryVeryEnd' on input line 678.
 ) 
Here is how much of TeX's memory you used:
 9431 strings out of 493312
 137270 string characters out of 3138876
 261563 words of memory out of 3000000
 12274 multiletter control sequences out of 15000+200000
 10468 words of font info for 38 fonts, out of 3000000 for 9000
 1141 hyphenation exceptions out of 8191
 31i,16n,32p,1384b,1725s stack positions out of 5000i,500n,10000p,200000b,50000s
<C:/Program Files/MiKTeX 2.9/fonts/type1/public/amsfonts/cm/cmbx10.pfb><C:/Pr
ogram Files/MiKTeX 2.9/fonts/type1/public/amsfonts/cm/cmbx12.pfb><C:/Program Fi
les/MiKTeX 2.9/fonts/type1/public/amsfonts/cm/cmbx7.pfb><C:/Program Files/MiKTe
X 2.9/fonts/type1/public/amsfonts/cm/cmmi10.pfb><C:/Program Files/MiKTeX 2.9/fo
nts/type1/public/amsfonts/cm/cmmib10.pfb><C:/Program Files/MiKTeX 2.9/fonts/typ
e1/public/amsfonts/cm/cmr10.pfb><C:/Program Files/MiKTeX 2.9/fonts/type1/public
/amsfonts/cm/cmr12.pfb><C:/Program Files/MiKTeX 2.9/fonts/type1/public/amsfonts
/cm/cmr7.pfb><C:/Program Files/MiKTeX 2.9/fonts/type1/public/amsfonts/cm/cmsy10
.pfb><C:/Program Files/MiKTeX 2.9/fonts/type1/public/amsfonts/cm/cmti10.pfb><C:
/Program Files/MiKTeX 2.9/fonts/type1/public/amsfonts/cm/cmtt10.pfb>
Output written on root.pdf (70 pages, 1093949 bytes).
PDF statistics:
 1446 PDF objects out of 1728 (max. 8388607)
 551 named destinations out of 1000 (max. 500000)
 779 words of extra memory for PDF output out of 10000 (max. 10000000)

